#
# A fatal error has been detected by the Java Runtime Environment:
#
#  SIGILL (0x4) at pc=0x0000004016891ea8, pid=376, tid=379
#
# JRE version: OpenJDK Runtime Environment 18.9 (11.0.10+9) (build 11.0.10+9-LTS)
# Java VM: OpenJDK 64-Bit Server VM 18.9 (11.0.10+9-LTS, mixed mode, sharing, tiered, compressed oops, g1 gc, linux-amd64)
# Problematic frame:
# J 159 c1 java.lang.String.isEmpty()Z java.base@11.0.10 (14 bytes) @ 0x0000004016891ea8 [0x0000004016891ec0+0xffffffffffffffe8]
#
# No core dump will be written. Core dumps have been disabled. To enable core dumping, try "ulimit -c unlimited" before starting Java again
#
# If you would like to submit a bug report, please visit:
#   https://bugzilla.redhat.com/enter_bug.cgi?product=Red%20Hat%20Enterprise%20Linux%208&component=java-11-openjdk
#

---------------  S U M M A R Y ------------

Command Line: -D[Standalone] -Xms64m -Xmx512m -XX:MetaspaceSize=96M -XX:MaxMetaspaceSize=256m -Djava.net.preferIPv4Stack=true -Djboss.modules.system.pkgs=org.jboss.byteman -Djava.awt.headless=true --add-exports=java.base/sun.nio.ch=ALL-UNNAMED --add-exports=jdk.unsupported/sun.misc=ALL-UNNAMED --add-exports=jdk.unsupported/sun.reflect=ALL-UNNAMED -Dorg.jboss.boot.log.file=/opt/jboss/keycloak/standalone/log/server.log -Dlogging.configuration=file:/opt/jboss/keycloak/standalone/configuration/logging.properties /opt/jboss/keycloak/jboss-modules.jar -mp /opt/jboss/keycloak/modules org.jboss.as.standalone -Djboss.home.dir=/opt/jboss/keycloak -Djboss.server.base.dir=/opt/jboss/keycloak/standalone -Djboss.bind.address=172.17.0.2 -Djboss.bind.address.private=172.17.0.2 -c=standalone-ha.xml -b 0.0.0.0

Host: x86_64, 4 cores, 1G, Red Hat Enterprise Linux release 8.3 (Ootpa)
Time: Tue Mar 30 14:04:51 2021 UTC elapsed time: 4.520489 seconds (0d 0h 0m 4s)

---------------  T H R E A D  ---------------

Current thread (0x0000004000232800):  JavaThread "main" [_thread_in_Java, id=379, stack(0x0000004004688000,0x0000004004789000)]

Stack: [0x0000004004688000,0x0000004004789000],  sp=0x0000004004784818,  free space=1010k
Native frames: (J=compiled Java code, A=aot compiled Java code, j=interpreted, Vv=VM code, C=native code)
J 159 c1 java.lang.String.isEmpty()Z java.base@11.0.10 (14 bytes) @ 0x0000004016891ea8 [0x0000004016891ec0+0xffffffffffffffe8]

[error occurred during error reporting (printing native stack), id 0xb, SIGSEGV (0xb) at pc=0x0000004002fdd812]


siginfo: si_signo: 4 (SIGILL), si_code: 2 (ILL_ILLOPN), si_addr: 0x0000004016891ea8

Register to memory mapping:

RAX={method} {0x0000000800353db0} 'isEmpty' '()Z' in 'java/lang/String'
RBX={method} {0x0000000800353db0} 'isEmpty' '()Z' in 'java/lang/String'
RCX=0x00000000e3100a48 points into unknown readable memory: 0x0000000000000009 | 09 00 00 00 00 00 00 00
RDX=0x0000000010500001 is an unknown value
RSP=0x0000004004784818 is pointing into the stack for thread: 0x0000004000232800
RBP=0x0000004004784878 is pointing into the stack for thread: 0x0000004000232800
RSI=0x0000000000000005 is an unknown value
RDI=0x0000000000000005 is an unknown value
R8 =0x0 is NULL
R9 =0x0000000000000003 is an unknown value
R10=0x0000004003d438e0: <offset 0x00000000014cb8e0> in /usr/lib/jvm/java-11-openjdk-11.0.10.0.9-4.el8_3.x86_64/lib/server/libjvm.so at 0x0000004002878000
R11=0x0000004016891f00 is at entry_point+64 in (nmethod*)0x0000004016891d10
R12=0x0 is NULL
R13=0x0000004004784828 is pointing into the stack for thread: 0x0000004000232800
R14=0x00000040047848b8 is pointing into the stack for thread: 0x0000004000232800
R15=0x0000004000232800 is a thread


Registers:
RAX=0x0000000800353db0, RBX=0x0000000800353db0, RCX=0x00000000e3100a48, RDX=0x0000000010500001
RSP=0x0000004004784818, RBP=0x0000004004784878, RSI=0x0000000000000005, RDI=0x0000000000000005
R8 =0x0000000000000000, R9 =0x0000000000000003, R10=0x0000004003d438e0, R11=0x0000004016891f00
R12=0x0000000000000000, R13=0x0000004004784828, R14=0x00000040047848b8, R15=0x0000004000232800
RIP=0x0000004016891ea8, EFLAGS=0x0000000000000202, CSGSFS=0x002b000000000033, ERR=0x0000000000000000
  TRAPNO=0xffffffffffffffff

Top of Stack: (sp=0x0000004004784818)
0x0000004004784818:   00000040162da710 00000040162da710
0x0000004004784828:   00000000e3100a48 0000004004784830
0x0000004004784838:   00000008008a292c 00000040047848b8
0x0000004004784848:   000000080029d398 00000040c46d6990 

Instructions: (pc=0x0000004016891ea8)
0x0000004016891da8:   50 20 89 16 40 00 00 00 50 20 89 16 40 00 00 00
0x0000004016891db8:   50 20 89 16 40 00 00 00 00 00 00 00 00 00 00 00
0x0000004016891dc8:   00 00 00 00 00 00 00 00 00 00 00 00 00 00 00 00
0x0000004016891dd8:   ff ff ff ff 00 00 00 00 00 00 00 00 00 00 00 00
0x0000004016891de8:   00 00 00 00 00 00 00 00 00 00 00 00 00 00 00 00
0x0000004016891df8:   00 00 00 00 00 00 00 00 00 00 00 00 00 00 00 00
0x0000004016891e08:   c0 1e 89 16 40 00 00 00 00 1f 89 16 40 00 00 00
0x0000004016891e18:   c0 1e 89 16 40 00 00 00 f0 02 00 00 bd 02 00 00
0x0000004016891e28:   b0 01 00 00 f0 02 00 00 20 03 00 00 20 03 00 00
0x0000004016891e38:   00 00 00 00 40 03 00 00 80 03 00 00 88 03 00 00
0x0000004016891e48:   88 03 00 00 98 03 00 00 20 00 00 00 9f 00 00 00
0x0000004016891e58:   03 00 00 00 00 00 00 02 00 00 00 00 02 00 00 00
0x0000004016891e68:   00 00 00 00 00 00 00 00 01 00 00 00 00 00 00 00
0x0000004016891e78:   e0 01 00 00 ff ff ff ff ff ff ff ff 00 00 00 00
0x0000004016891e88:   1b 60 31 c0 31 c0 36 c0 2e b0 04 c0 17 64 0a 64
0x0000004016891e98:   35 64 05 00 00 64 03 f8 7c 03 fa 67 40 00 05 70
0x0000004016891ea8:   0e 64 01 f8 9e ff 06 90 0c 64 00 00 00 00 00 00
0x0000004016891eb8:   00 00 00 00 00 00 00 00 44 8b 56 08 49 c1 e2 03
0x0000004016891ec8:   49 bc 00 00 00 00 08 00 00 00 4d 03 d4 4d 33 e4
0x0000004016891ed8:   4c 3b d0 0f 85 9f 36 a6 ff 66 66 66 0f 1f 84 00
0x0000004016891ee8:   00 00 00 00 66 66 0f 1f 84 00 00 00 00 00 66 66
0x0000004016891ef8:   0f 1f 84 00 00 00 00 00 e9 fb 71 a4 ff fe ff 55
0x0000004016891f08:   48 83 ec 30 48 b8 48 a3 55 c4 40 00 00 00 8b b8
0x0000004016891f18:   04 01 00 00 83 c7 08 89 b8 04 01 00 00 81 e7 f8
0x0000004016891f28:   1f 00 00 83 ff 00 0f 84 71 00 00 00 8b 46 0c 8b
0x0000004016891f38:   40 0c 83 f8 00 48 b8 48 a3 55 c4 40 00 00 00 48
0x0000004016891f48:   be 40 01 00 00 00 00 00 00 0f 85 0a 00 00 00 48
0x0000004016891f58:   be 50 01 00 00 00 00 00 00 48 8b 3c 30 48 8d 7f
0x0000004016891f68:   01 48 89 3c 30 0f 85 1a 00 00 00 48 b8 48 a3 55
0x0000004016891f78:   c4 40 00 00 00 ff 80 60 01 00 00 b8 01 00 00 00
0x0000004016891f88:   e9 05 00 00 00 b8 00 00 00 00 83 e0 01 48 83 c4
0x0000004016891f98:   30 5d 4d 8b 97 08 01 00 00 41 85 02 c3 49 ba b0 


Stack slot to memory mapping:
stack at sp + 0 slots: 0x00000040162da710 is at code_begin+208 in an Interpreter codelet
invoke return entry points  [0x00000040162da640, 0x00000040162db060]  2592 bytes
stack at sp + 1 slots: 0x00000040162da710 is at code_begin+208 in an Interpreter codelet
invoke return entry points  [0x00000040162da640, 0x00000040162db060]  2592 bytes
stack at sp + 2 slots: 0x00000000e3100a48 points into unknown readable memory: 0x0000000000000009 | 09 00 00 00 00 00 00 00
stack at sp + 3 slots: 0x0000004004784830 is pointing into the stack for thread: 0x0000004000232800
stack at sp + 4 slots: 0x00000008008a292c is pointing into metadata
stack at sp + 5 slots: 0x00000040047848b8 is pointing into the stack for thread: 0x0000004000232800
stack at sp + 6 slots: 0x000000080029d398 is pointing into metadata
stack at sp + 7 slots: 0x00000040c46d6990 is pointing into metadata



---------------  P R O C E S S  ---------------

Threads class SMR info:
_java_thread_list=0x00000040004f49c0, length=10, elements={
0x0000004000232800, 0x0000004000307800, 0x000000400030a000, 0x000000400031c800,
0x000000400031f000, 0x0000004000321800, 0x0000004000324000, 0x000000400032e800,
0x000000400044b800, 0x00000040004f3800
}

Java Threads: ( => current thread )
=>0x0000004000232800 JavaThread "main" [_thread_in_Java, id=379, stack(0x0000004004688000,0x0000004004789000)]
  0x0000004000307800 JavaThread "Reference Handler" daemon [_thread_blocked, id=386, stack(0x00000040c4eb5000,0x00000040c4fb6000)]
  0x000000400030a000 JavaThread "Finalizer" daemon [_thread_blocked, id=387, stack(0x00000040c4fb6000,0x00000040c50b7000)]
  0x000000400031c800 JavaThread "Signal Dispatcher" daemon [_thread_blocked, id=388, stack(0x00000040c5393000,0x00000040c5494000)]
  0x000000400031f000 JavaThread "Service Thread" daemon [_thread_blocked, id=389, stack(0x00000040c5494000,0x00000040c5595000)]
  0x0000004000321800 JavaThread "C2 CompilerThread0" daemon [_thread_blocked, id=390, stack(0x00000040c5595000,0x00000040c5696000)]
  0x0000004000324000 JavaThread "C1 CompilerThread0" daemon [_thread_blocked, id=391, stack(0x00000040c5696000,0x00000040c5797000)]
  0x000000400032e800 JavaThread "Sweeper thread" daemon [_thread_blocked, id=392, stack(0x00000040c5797000,0x00000040c5898000)]
  0x000000400044b800 JavaThread "Common-Cleaner" daemon [_thread_blocked, id=393, stack(0x00000040c5898000,0x00000040c5999000)]
  0x00000040004f3800 JavaThread "Reference Reaper" daemon [_thread_blocked, id=395, stack(0x00000040c5ec5000,0x00000040c5fc6000)]

Other Threads:
  0x0000004000304800 VMThread "VM Thread" [stack: 0x00000040c4db5000,0x00000040c4eb5000] [id=385] _threads_hazard_ptr=0x00000040004f49c0
  0x0000004000472000 WatcherThread [stack: 0x00000040c599b000,0x00000040c5a9b000] [id=394]
  0x000000400024a000 GCTaskThread "GC Thread#0" [stack: 0x00000040254b5000,0x00000040255b5000] [id=380]
  0x0000004000fb5800 GCTaskThread "GC Thread#1" [stack: 0x00000040c6281000,0x00000040c6381000] [id=396]
  0x000000400025b000 ConcurrentGCThread "G1 Main Marker" [stack: 0x0000004026ccd000,0x0000004026dcd000] [id=381]
  0x000000400025d000 ConcurrentGCThread "G1 Conc#0" [stack: 0x0000004026dcf000,0x0000004026ecf000] [id=382]
  0x00000040002a1800 ConcurrentGCThread "G1 Refine#0" [stack: 0x00000040292d5000,0x00000040293d5000] [id=383]
  0x00000040002a3800 ConcurrentGCThread "G1 Young RemSet Sampling" [stack: 0x00000040293d7000,0x00000040294d7000] [id=384]

Threads with active compile tasks:

VM state:synchronizing (normal execution)

VM Mutex/Monitor currently owned by a thread:  ([mutex/lock_event])
[0x000000400022f400] Safepoint_lock - owner thread: 0x0000004000304800
[0x000000400022f490] Threads_lock - owner thread: 0x0000004000304800

Heap address: 0x00000000e0000000, size: 512 MB, Compressed Oops mode: 32-bit
Narrow klass base: 0x0000000800000000, Narrow klass shift: 3
Compressed class space size: 260046848 Address: 0x0000000840000000

Heap:
 garbage-first heap   total 67584K, used 6177K [0x00000000e0000000, 0x0000000100000000)
  region size 1024K, 6 young (6144K), 2 survivors (2048K)
 Metaspace       used 4378K, capacity 6765K, committed 6912K, reserved 262144K
  class space    used 441K, capacity 686K, committed 768K, reserved 253952K
Heap Regions: E=young(eden), S=young(survivor), O=old, HS=humongous(starts), HC=humongous(continues), CS=collection set, F=free, A=archive, TAMS=top-at-mark-start (previous, next)
|   0|0x00000000e0000000, 0x00000000e0053600, 0x00000000e0100000| 32%| O|  |TAMS 0x00000000e0000000, 0x00000000e0000000| Untracked 
|   1|0x00000000e0100000, 0x00000000e0100000, 0x00000000e0200000|  0%| F|  |TAMS 0x00000000e0100000, 0x00000000e0100000| Untracked 
|   2|0x00000000e0200000, 0x00000000e0200000, 0x00000000e0300000|  0%| F|  |TAMS 0x00000000e0200000, 0x00000000e0200000| Untracked 
|   3|0x00000000e0300000, 0x00000000e0300000, 0x00000000e0400000|  0%| F|  |TAMS 0x00000000e0300000, 0x00000000e0300000| Untracked 
|   4|0x00000000e0400000, 0x00000000e0400000, 0x00000000e0500000|  0%| F|  |TAMS 0x00000000e0400000, 0x00000000e0400000| Untracked 
|   5|0x00000000e0500000, 0x00000000e0500000, 0x00000000e0600000|  0%| F|  |TAMS 0x00000000e0500000, 0x00000000e0500000| Untracked 
|   6|0x00000000e0600000, 0x00000000e0600000, 0x00000000e0700000|  0%| F|  |TAMS 0x00000000e0600000, 0x00000000e0600000| Untracked 
|   7|0x00000000e0700000, 0x00000000e0700000, 0x00000000e0800000|  0%| F|  |TAMS 0x00000000e0700000, 0x00000000e0700000| Untracked 
|   8|0x00000000e0800000, 0x00000000e0800000, 0x00000000e0900000|  0%| F|  |TAMS 0x00000000e0800000, 0x00000000e0800000| Untracked 
|   9|0x00000000e0900000, 0x00000000e0900000, 0x00000000e0a00000|  0%| F|  |TAMS 0x00000000e0900000, 0x00000000e0900000| Untracked 
|  10|0x00000000e0a00000, 0x00000000e0a00000, 0x00000000e0b00000|  0%| F|  |TAMS 0x00000000e0a00000, 0x00000000e0a00000| Untracked 
|  11|0x00000000e0b00000, 0x00000000e0b00000, 0x00000000e0c00000|  0%| F|  |TAMS 0x00000000e0b00000, 0x00000000e0b00000| Untracked 
|  12|0x00000000e0c00000, 0x00000000e0c00000, 0x00000000e0d00000|  0%| F|  |TAMS 0x00000000e0c00000, 0x00000000e0c00000| Untracked 
|  13|0x00000000e0d00000, 0x00000000e0d00000, 0x00000000e0e00000|  0%| F|  |TAMS 0x00000000e0d00000, 0x00000000e0d00000| Untracked 
|  14|0x00000000e0e00000, 0x00000000e0e00000, 0x00000000e0f00000|  0%| F|  |TAMS 0x00000000e0e00000, 0x00000000e0e00000| Untracked 
|  15|0x00000000e0f00000, 0x00000000e0f00000, 0x00000000e1000000|  0%| F|  |TAMS 0x00000000e0f00000, 0x00000000e0f00000| Untracked 
|  16|0x00000000e1000000, 0x00000000e1000000, 0x00000000e1100000|  0%| F|  |TAMS 0x00000000e1000000, 0x00000000e1000000| Untracked 
|  17|0x00000000e1100000, 0x00000000e1100000, 0x00000000e1200000|  0%| F|  |TAMS 0x00000000e1100000, 0x00000000e1100000| Untracked 
|  18|0x00000000e1200000, 0x00000000e1200000, 0x00000000e1300000|  0%| F|  |TAMS 0x00000000e1200000, 0x00000000e1200000| Untracked 
|  19|0x00000000e1300000, 0x00000000e1300000, 0x00000000e1400000|  0%| F|  |TAMS 0x00000000e1300000, 0x00000000e1300000| Untracked 
|  20|0x00000000e1400000, 0x00000000e1400000, 0x00000000e1500000|  0%| F|  |TAMS 0x00000000e1400000, 0x00000000e1400000| Untracked 
|  21|0x00000000e1500000, 0x00000000e1500000, 0x00000000e1600000|  0%| F|  |TAMS 0x00000000e1500000, 0x00000000e1500000| Untracked 
|  22|0x00000000e1600000, 0x00000000e1600000, 0x00000000e1700000|  0%| F|  |TAMS 0x00000000e1600000, 0x00000000e1600000| Untracked 
|  23|0x00000000e1700000, 0x00000000e1700000, 0x00000000e1800000|  0%| F|  |TAMS 0x00000000e1700000, 0x00000000e1700000| Untracked 
|  24|0x00000000e1800000, 0x00000000e1800000, 0x00000000e1900000|  0%| F|  |TAMS 0x00000000e1800000, 0x00000000e1800000| Untracked 
|  25|0x00000000e1900000, 0x00000000e1900000, 0x00000000e1a00000|  0%| F|  |TAMS 0x00000000e1900000, 0x00000000e1900000| Untracked 
|  26|0x00000000e1a00000, 0x00000000e1a00000, 0x00000000e1b00000|  0%| F|  |TAMS 0x00000000e1a00000, 0x00000000e1a00000| Untracked 
|  27|0x00000000e1b00000, 0x00000000e1b00000, 0x00000000e1c00000|  0%| F|  |TAMS 0x00000000e1b00000, 0x00000000e1b00000| Untracked 
|  28|0x00000000e1c00000, 0x00000000e1c00000, 0x00000000e1d00000|  0%| F|  |TAMS 0x00000000e1c00000, 0x00000000e1c00000| Untracked 
|  29|0x00000000e1d00000, 0x00000000e1d00000, 0x00000000e1e00000|  0%| F|  |TAMS 0x00000000e1d00000, 0x00000000e1d00000| Untracked 
|  30|0x00000000e1e00000, 0x00000000e1e00000, 0x00000000e1f00000|  0%| F|  |TAMS 0x00000000e1e00000, 0x00000000e1e00000| Untracked 
|  31|0x00000000e1f00000, 0x00000000e1f00000, 0x00000000e2000000|  0%| F|  |TAMS 0x00000000e1f00000, 0x00000000e1f00000| Untracked 
|  32|0x00000000e2000000, 0x00000000e2000000, 0x00000000e2100000|  0%| F|  |TAMS 0x00000000e2000000, 0x00000000e2000000| Untracked 
|  33|0x00000000e2100000, 0x00000000e2100000, 0x00000000e2200000|  0%| F|  |TAMS 0x00000000e2100000, 0x00000000e2100000| Untracked 
|  34|0x00000000e2200000, 0x00000000e2200000, 0x00000000e2300000|  0%| F|  |TAMS 0x00000000e2200000, 0x00000000e2200000| Untracked 
|  35|0x00000000e2300000, 0x00000000e2300000, 0x00000000e2400000|  0%| F|  |TAMS 0x00000000e2300000, 0x00000000e2300000| Untracked 
|  36|0x00000000e2400000, 0x00000000e2400000, 0x00000000e2500000|  0%| F|  |TAMS 0x00000000e2400000, 0x00000000e2400000| Untracked 
|  37|0x00000000e2500000, 0x00000000e2500000, 0x00000000e2600000|  0%| F|  |TAMS 0x00000000e2500000, 0x00000000e2500000| Untracked 
|  38|0x00000000e2600000, 0x00000000e2600000, 0x00000000e2700000|  0%| F|  |TAMS 0x00000000e2600000, 0x00000000e2600000| Untracked 
|  39|0x00000000e2700000, 0x00000000e2700000, 0x00000000e2800000|  0%| F|  |TAMS 0x00000000e2700000, 0x00000000e2700000| Untracked 
|  40|0x00000000e2800000, 0x00000000e2800000, 0x00000000e2900000|  0%| F|  |TAMS 0x00000000e2800000, 0x00000000e2800000| Untracked 
|  41|0x00000000e2900000, 0x00000000e2900000, 0x00000000e2a00000|  0%| F|  |TAMS 0x00000000e2900000, 0x00000000e2900000| Untracked 
|  42|0x00000000e2a00000, 0x00000000e2a00000, 0x00000000e2b00000|  0%| F|  |TAMS 0x00000000e2a00000, 0x00000000e2a00000| Untracked 
|  43|0x00000000e2b00000, 0x00000000e2b00000, 0x00000000e2c00000|  0%| F|  |TAMS 0x00000000e2b00000, 0x00000000e2b00000| Untracked 
|  44|0x00000000e2c00000, 0x00000000e2c00000, 0x00000000e2d00000|  0%| F|  |TAMS 0x00000000e2c00000, 0x00000000e2c00000| Untracked 
|  45|0x00000000e2d00000, 0x00000000e2d00000, 0x00000000e2e00000|  0%| F|  |TAMS 0x00000000e2d00000, 0x00000000e2d00000| Untracked 
|  46|0x00000000e2e00000, 0x00000000e2e00000, 0x00000000e2f00000|  0%| F|  |TAMS 0x00000000e2e00000, 0x00000000e2e00000| Untracked 
|  47|0x00000000e2f00000, 0x00000000e2f00000, 0x00000000e3000000|  0%| F|  |TAMS 0x00000000e2f00000, 0x00000000e2f00000| Untracked 
|  48|0x00000000e3000000, 0x00000000e3100000, 0x00000000e3100000|100%| S|CS|TAMS 0x00000000e3000000, 0x00000000e3000000| Complete 
|  49|0x00000000e3100000, 0x00000000e3200000, 0x00000000e3200000|100%| S|CS|TAMS 0x00000000e3100000, 0x00000000e3100000| Complete 
|  50|0x00000000e3200000, 0x00000000e3200000, 0x00000000e3300000|  0%| F|  |TAMS 0x00000000e3200000, 0x00000000e3200000| Untracked 
|  51|0x00000000e3300000, 0x00000000e3300000, 0x00000000e3400000|  0%| F|  |TAMS 0x00000000e3300000, 0x00000000e3300000| Untracked 
|  52|0x00000000e3400000, 0x00000000e3400000, 0x00000000e3500000|  0%| F|  |TAMS 0x00000000e3400000, 0x00000000e3400000| Untracked 
|  53|0x00000000e3500000, 0x00000000e3500000, 0x00000000e3600000|  0%| F|  |TAMS 0x00000000e3500000, 0x00000000e3500000| Untracked 
|  54|0x00000000e3600000, 0x00000000e3600000, 0x00000000e3700000|  0%| F|  |TAMS 0x00000000e3600000, 0x00000000e3600000| Untracked 
|  55|0x00000000e3700000, 0x00000000e3700000, 0x00000000e3800000|  0%| F|  |TAMS 0x00000000e3700000, 0x00000000e3700000| Untracked 
|  56|0x00000000e3800000, 0x00000000e3800000, 0x00000000e3900000|  0%| F|  |TAMS 0x00000000e3800000, 0x00000000e3800000| Untracked 
|  57|0x00000000e3900000, 0x00000000e3900000, 0x00000000e3a00000|  0%| F|  |TAMS 0x00000000e3900000, 0x00000000e3900000| Untracked 
|  58|0x00000000e3a00000, 0x00000000e3a00000, 0x00000000e3b00000|  0%| F|  |TAMS 0x00000000e3a00000, 0x00000000e3a00000| Untracked 
|  59|0x00000000e3b00000, 0x00000000e3b00000, 0x00000000e3c00000|  0%| F|  |TAMS 0x00000000e3b00000, 0x00000000e3b00000| Untracked 
|  60|0x00000000e3c00000, 0x00000000e3d00000, 0x00000000e3d00000|100%| E|  |TAMS 0x00000000e3c00000, 0x00000000e3c00000| Complete 
|  61|0x00000000e3d00000, 0x00000000e3e00000, 0x00000000e3e00000|100%| E|CS|TAMS 0x00000000e3d00000, 0x00000000e3d00000| Complete 
|  62|0x00000000e3e00000, 0x00000000e3f00000, 0x00000000e3f00000|100%| E|CS|TAMS 0x00000000e3e00000, 0x00000000e3e00000| Complete 
|  63|0x00000000e3f00000, 0x00000000e4000000, 0x00000000e4000000|100%| E|CS|TAMS 0x00000000e3f00000, 0x00000000e3f00000| Complete 
| 510|0x00000000ffe00000, 0x00000000ffe49000, 0x00000000fff00000| 28%|OA|  |TAMS 0x00000000ffe00000, 0x00000000ffe00000| Untracked 
| 511|0x00000000fff00000, 0x00000000fff6c000, 0x0000000100000000| 42%|CA|  |TAMS 0x00000000fff00000, 0x00000000fff00000| Untracked 

Card table byte_map: [0x0000004025ab9000,0x0000004025bb9000] _byte_map_base: 0x00000040253b9000

Marking Bits (Prev, Next): (CMBitMap*) 0x0000004000258198, (CMBitMap*) 0x00000040002581d0
 Prev Bits: [0x0000004025cb9000, 0x00000040264b9000)
 Next Bits: [0x00000040264b9000, 0x0000004026cb9000)

Polling page: 0x000000400d73f000

Metaspace:

Usage:
  Non-class:      5.94 MB capacity,     3.84 MB ( 65%) used,     2.08 MB ( 35%) free+waste,     7.19 KB ( <1%) overhead. 
      Class:    686.00 KB capacity,   441.64 KB ( 64%) used,   240.17 KB ( 35%) free+waste,     4.19 KB ( <1%) overhead. 
       Both:      6.61 MB capacity,     4.28 MB ( 65%) used,     2.32 MB ( 35%) free+waste,    11.38 KB ( <1%) overhead. 

Virtual space:
  Non-class space:        8.00 MB reserved,       6.00 MB ( 75%) committed 
      Class space:      248.00 MB reserved,     768.00 KB ( <1%) committed 
             Both:      256.00 MB reserved,       6.75 MB (  3%) committed 

Chunk freelists:
   Non-Class:  37.00 KB
       Class:  18.00 KB
        Both:  55.00 KB

MaxMetaspaceSize: 256.00 MB
CompressedClassSpaceSize: 248.00 MB

CodeHeap 'non-profiled nmethods': size=120032Kb used=260Kb max_used=260Kb free=119771Kb
 bounds [0x000000401dd99000, 0x000000401e009000, 0x00000040252d1000]
CodeHeap 'profiled nmethods': size=120032Kb used=1798Kb max_used=1798Kb free=118233Kb
 bounds [0x0000004016861000, 0x0000004016ad1000, 0x000000401dd99000]
CodeHeap 'non-nmethods': size=5696Kb used=1057Kb max_used=1069Kb free=4639Kb
 bounds [0x00000040162d1000, 0x0000004016541000, 0x0000004016861000]
 total_blobs=1272 nmethods=903 adapters=283
 compilation: enabled
              stopped_count=0, restarted_count=0
 full_count=0

Compilation events (20 events):
Event: 4.380 Thread 0x0000004000324000 nmethod 893 0x0000004016a15690 code [0x0000004016a15960, 0x0000004016a16da0]
Event: 4.380 Thread 0x0000004000321800  902       4       java.util.concurrent.ConcurrentHashMap::get (162 bytes)
Event: 4.380 Thread 0x0000004000324000  897       3       sun.util.locale.LocaleObjectCache$CacheEntry::<init> (12 bytes)
Event: 4.382 Thread 0x0000004000324000 nmethod 897 0x0000004016a17290 code [0x0000004016a17460, 0x0000004016a17810]
Event: 4.382 Thread 0x0000004000324000  894       3       sun.util.locale.LocaleObjectCache::cleanStaleEntries (34 bytes)
Event: 4.384 Thread 0x0000004000324000 nmethod 894 0x0000004016a17910 code [0x0000004016a17b00, 0x0000004016a17fb0]
Event: 4.384 Thread 0x0000004000324000  903       3       sun.util.locale.StringTokenIterator::next (74 bytes)
Event: 4.386 Thread 0x0000004000324000 nmethod 903 0x0000004016a18110 code [0x0000004016a18300, 0x0000004016a18750]
Event: 4.387 Thread 0x0000004000324000  906       3       sun.util.locale.BaseLocale$Key::hashCode (178 bytes)
Event: 4.396 Thread 0x0000004000324000 nmethod 906 0x0000004016a18910 code [0x0000004016a18d40, 0x0000004016a1adf0]
Event: 4.396 Thread 0x0000004000324000  910       3       sun.util.locale.StringTokenIterator::nextDelimiter (116 bytes)
Event: 4.397 Thread 0x0000004000321800 nmethod 902 0x000000401ddd9690 code [0x000000401ddd9840, 0x000000401ddd9b18]
Event: 4.398 Thread 0x0000004000321800  909       4       java.util.concurrent.ConcurrentHashMap::setTabAt (20 bytes)
Event: 4.402 Thread 0x0000004000324000 nmethod 910 0x0000004016a1bb90 code [0x0000004016a1bee0, 0x0000004016a1d330]
Event: 4.402 Thread 0x0000004000324000  908       3       sun.util.locale.LocaleUtils::isAlphaString (33 bytes)
Event: 4.403 Thread 0x0000004000321800 nmethod 909 0x000000401ddd9d90 code [0x000000401ddd9f20, 0x000000401ddda038]
Event: 4.403 Thread 0x0000004000321800  912       4       java.lang.String::isEmpty (14 bytes)
Event: 4.406 Thread 0x0000004000321800 nmethod 912 0x000000401ddda090 code [0x000000401ddda220, 0x000000401ddda2b8]
Event: 4.406 Thread 0x0000004000324000 nmethod 908 0x0000004016a1dc10 code [0x0000004016a1de60, 0x0000004016a1e730]
Event: 4.406 Thread 0x0000004000324000  901       3       sun.util.locale.InternalLocaleBuilder::clearExtensions (50 bytes)

GC Heap History (2 events):
Event: 3.567 GC heap before
{Heap before GC invocations=0 (full 0):
 garbage-first heap   total 67584K, used 14036K [0x00000000e0000000, 0x0000000100000000)
  region size 1024K, 14 young (14336K), 0 survivors (0K)
 Metaspace       used 3074K, capacity 6042K, committed 6272K, reserved 262144K
  class space    used 296K, capacity 572K, committed 640K, reserved 253952K
}
Event: 3.668 GC heap after
{Heap after GC invocations=1 (full 0):
 garbage-first heap   total 67584K, used 3105K [0x00000000e0000000, 0x0000000100000000)
  region size 1024K, 2 young (2048K), 2 survivors (2048K)
 Metaspace       used 3074K, capacity 6042K, committed 6272K, reserved 262144K
  class space    used 296K, capacity 572K, committed 640K, reserved 253952K
}

Deoptimization events (20 events):
Event: 3.327 Thread 0x0000004000232800 Uncommon trap: trap_request=0xffffffc6 fr.pc=0x000000401ddc9124 relative=0x00000000000003c4
Event: 3.327 Thread 0x0000004000232800 Uncommon trap: reason=bimorphic_or_optimized_type_check action=maybe_recompile pc=0x000000401ddc9124 method=java.util.HashMap.getNode(ILjava/lang/Object;)Ljava/util/HashMap$Node; @ 126 c2
Event: 3.327 Thread 0x0000004000232800 DEOPT PACKING pc=0x000000401ddc9124 sp=0x0000004004785780
Event: 3.327 Thread 0x0000004000232800 DEOPT UNPACKING pc=0x00000040162f6d9f sp=0x00000040047856b8 mode 2
Event: 3.856 Thread 0x0000004000232800 Uncommon trap: trap_request=0xffffff4d fr.pc=0x000000401ddd1178 relative=0x00000000000002d8
Event: 3.857 Thread 0x0000004000232800 Uncommon trap: reason=unstable_if action=reinterpret pc=0x000000401ddd1178 method=java.io.BufferedReader.read()I @ 19 c2
Event: 3.857 Thread 0x0000004000232800 DEOPT PACKING pc=0x000000401ddd1178 sp=0x0000004004785a60
Event: 3.857 Thread 0x0000004000232800 DEOPT UNPACKING pc=0x00000040162f6d9f sp=0x0000004004785a10 mode 2
Event: 4.189 Thread 0x0000004000232800 Uncommon trap: trap_request=0xffffffde fr.pc=0x000000401ddb6110 relative=0x0000000000000c70
Event: 4.189 Thread 0x0000004000232800 Uncommon trap: reason=class_check action=maybe_recompile pc=0x000000401ddb6110 method=java.util.HashMap.putVal(ILjava/lang/Object;Ljava/lang/Object;ZZ)Ljava/lang/Object; @ 91 c2
Event: 4.189 Thread 0x0000004000232800 DEOPT PACKING pc=0x000000401ddb6110 sp=0x0000004004784b00
Event: 4.189 Thread 0x0000004000232800 DEOPT UNPACKING pc=0x00000040162f6d9f sp=0x0000004004784a90 mode 2
Event: 4.190 Thread 0x0000004000232800 Uncommon trap: trap_request=0xffffffde fr.pc=0x000000401ddb6110 relative=0x0000000000000c70
Event: 4.190 Thread 0x0000004000232800 Uncommon trap: reason=class_check action=maybe_recompile pc=0x000000401ddb6110 method=java.util.HashMap.putVal(ILjava/lang/Object;Ljava/lang/Object;ZZ)Ljava/lang/Object; @ 91 c2
Event: 4.190 Thread 0x0000004000232800 DEOPT PACKING pc=0x000000401ddb6110 sp=0x0000004004784b00
Event: 4.190 Thread 0x0000004000232800 DEOPT UNPACKING pc=0x00000040162f6d9f sp=0x0000004004784a90 mode 2
Event: 4.190 Thread 0x0000004000232800 Uncommon trap: trap_request=0xffffffde fr.pc=0x000000401ddb6110 relative=0x0000000000000c70
Event: 4.190 Thread 0x0000004000232800 Uncommon trap: reason=class_check action=maybe_recompile pc=0x000000401ddb6110 method=java.util.HashMap.putVal(ILjava/lang/Object;Ljava/lang/Object;ZZ)Ljava/lang/Object; @ 91 c2
Event: 4.190 Thread 0x0000004000232800 DEOPT PACKING pc=0x000000401ddb6110 sp=0x0000004004784b00
Event: 4.190 Thread 0x0000004000232800 DEOPT UNPACKING pc=0x00000040162f6d9f sp=0x0000004004784a90 mode 2

Classes redefined (0 events):
No events

Internal exceptions (5 events):
Event: 1.624 Thread 0x0000004000232800 Exception <a 'java/lang/NoSuchMethodError'{0x00000000e3d7e7a0}: 'void java.lang.invoke.DelegatingMethodHandle$Holder.delegate(java.lang.Object, java.lang.Object, int, java.lang.Object)'> (0x00000000e3d7e7a0) thrown at [src/hotspot/share/interpreter/linkResolver.cpp, line 773]
Event: 1.631 Thread 0x0000004000232800 Exception <a 'java/lang/NoSuchMethodError'{0x00000000e3d85270}: 'java.lang.Object java.lang.invoke.DirectMethodHandle$Holder.invokeStaticInit(java.lang.Object, java.lang.Object, java.lang.Object)'> (0x00000000e3d85270) thrown at [src/hotspot/share/interpreter/linkResolver.cpp, line 773]
Event: 2.566 Thread 0x0000004000232800 Exception <a 'java/lang/NoSuchMethodError'{0x00000000e38a41c8}: 'int java.lang.invoke.DirectMethodHandle$Holder.invokeSpecialIFC(java.lang.Object, java.lang.Object, int)'> (0x00000000e38a41c8) thrown at [src/hotspot/share/interpreter/linkResolver.cpp, line 773]
Event: 3.849 Thread 0x0000004000232800 Exception <a 'java/lang/ClassNotFoundException'{0x00000000e3f715e0}: javax/smartcardio/CardPermission> (0x00000000e3f715e0) thrown at [src/hotspot/share/classfile/systemDictionary.cpp, line 231]
Event: 3.871 Thread 0x0000004000232800 Exception <a 'java/io/FileNotFoundException'{0x00000000e3f7e6f8}> (0x00000000e3f7e6f8) thrown at [src/hotspot/share/prims/jni.cpp, line 615]

Events (20 events):
Event: 4.165 loading class java/util/concurrent/atomic/Striped64$1
Event: 4.166 loading class java/util/concurrent/atomic/Striped64$1 done
Event: 4.174 loading class java/lang/NoSuchFieldError
Event: 4.174 loading class java/lang/NoSuchFieldError done
Event: 4.175 loading class java/io/InterruptedIOException
Event: 4.175 loading class java/io/InterruptedIOException done
Event: 4.177 loading class java/util/TreeMap
Event: 4.187 loading class java/util/TreeMap done
Event: 4.190 loading class java/util/TreeMap$Entry
Event: 4.191 loading class java/util/TreeMap$Entry done
Event: 4.192 loading class java/util/LinkedHashMap$LinkedKeySet
Event: 4.192 loading class java/util/LinkedHashMap$LinkedKeySet done
Event: 4.192 loading class java/util/LinkedHashMap$LinkedKeyIterator
Event: 4.192 loading class java/util/LinkedHashMap$LinkedKeyIterator done
Event: 4.279 loading class java/util/regex/Pattern$Curly
Event: 4.281 loading class java/util/regex/Pattern$Curly done
Event: 4.290 loading class java/io/FileOutputStream$1
Event: 4.291 loading class java/io/FileOutputStream$1 done
Event: 4.320 loading class jdk/internal/module/ModulePatcher$PatchedModuleReader
Event: 4.321 loading class jdk/internal/module/ModulePatcher$PatchedModuleReader done


Dynamic libraries:
00400000-006e4000 r-xp 00000000 fe:01 2621467                            /usr/bin/qemu-x86_64
006f4000-00743000 rw-p 002e4000 fe:01 2621467                            /usr/bin/qemu-x86_64
00743000-00768000 rw-p 00000000 00:00 0 
31098000-32fae000 rw-p 00000000 00:00 0                                  [heap]
e0000000-e4000000 rw-p 00000000 00:00 0 
e4000000-ffe00000 ---p 00000000 00:00 0 
ffe00000-ffe49000 rw-p 0116d000 fe:01 1180523                            /usr/lib/jvm/java-11-openjdk-11.0.10.0.9-4.el8_3.x86_64/lib/server/classes.jsa
ffe49000-fff00000 rw-p 00000000 00:00 0 
fff00000-fff6c000 rw-p 01101000 fe:01 1180523                            /usr/lib/jvm/java-11-openjdk-11.0.10.0.9-4.el8_3.x86_64/lib/server/classes.jsa
fff6c000-100000000 rw-p 00000000 00:00 0 
800000000-800001000 r-xp 00001000 fe:01 1180523                          /usr/lib/jvm/java-11-openjdk-11.0.10.0.9-4.el8_3.x86_64/lib/server/classes.jsa
800001000-800003000 rwxp 00002000 fe:01 1180523                          /usr/lib/jvm/java-11-openjdk-11.0.10.0.9-4.el8_3.x86_64/lib/server/classes.jsa
800003000-8003d2000 rw-p 00004000 fe:01 1180523                          /usr/lib/jvm/java-11-openjdk-11.0.10.0.9-4.el8_3.x86_64/lib/server/classes.jsa
8003d2000-800ad2000 r--p 003d3000 fe:01 1180523                          /usr/lib/jvm/java-11-openjdk-11.0.10.0.9-4.el8_3.x86_64/lib/server/classes.jsa
800ad2000-800ad3000 rw-p 00ad3000 fe:01 1180523                          /usr/lib/jvm/java-11-openjdk-11.0.10.0.9-4.el8_3.x86_64/lib/server/classes.jsa
800ad3000-801100000 r--p 00ad4000 fe:01 1180523                          /usr/lib/jvm/java-11-openjdk-11.0.10.0.9-4.el8_3.x86_64/lib/server/classes.jsa
840000000-8400c0000 rw-p 00000000 00:00 0 
8400c0000-84f800000 ---p 00000000 00:00 0 
4000000000-4000002000 r-xp 00000000 fe:01 1180150                        /usr/lib/jvm/java-11-openjdk-11.0.10.0.9-4.el8_3.x86_64/bin/java
4000002000-4000201000 ---p 00000000 00:00 0 
4000201000-4000202000 r--p 00001000 fe:01 1180150                        /usr/lib/jvm/java-11-openjdk-11.0.10.0.9-4.el8_3.x86_64/bin/java
4000202000-4000203000 rw-p 00002000 fe:01 1180150                        /usr/lib/jvm/java-11-openjdk-11.0.10.0.9-4.el8_3.x86_64/bin/java
4000203000-40011ea000 rw-p 00000000 00:00 0 
4001203000-4001204000 ---p 00000000 00:00 0 
4001204000-4001a04000 rw-p 00000000 00:00 0 
4001a04000-4001a2d000 r-xp 00000000 fe:01 787298                         /usr/lib64/ld-2.28.so
4001a2d000-4001c2c000 ---p 00000000 00:00 0 
4001c2c000-4001c2d000 r--p 00028000 fe:01 787298                         /usr/lib64/ld-2.28.so
4001c2d000-4001c2e000 rw-p 00029000 fe:01 787298                         /usr/lib64/ld-2.28.so
4001c2e000-4001c31000 rw-p 00000000 00:00 0 
4001c34000-4001c4a000 r-xp 00000000 fe:01 787268                         /usr/lib64/libz.so.1.2.11
4001c4a000-4001e49000 ---p 00016000 fe:01 787268                         /usr/lib64/libz.so.1.2.11
4001e49000-4001e4a000 r--p 00015000 fe:01 787268                         /usr/lib64/libz.so.1.2.11
4001e4a000-4001e4d000 rw-p 00000000 00:00 0 
4001e4d000-4001e68000 r-xp 00000000 fe:01 787252                         /usr/lib64/libpthread-2.28.so
4001e68000-4002067000 ---p 0001b000 fe:01 787252                         /usr/lib64/libpthread-2.28.so
4002067000-4002068000 r--p 0001a000 fe:01 787252                         /usr/lib64/libpthread-2.28.so
4002068000-4002069000 rw-p 0001b000 fe:01 787252                         /usr/lib64/libpthread-2.28.so
4002069000-400206d000 rw-p 00000000 00:00 0 
400206d000-400207c000 r-xp 00000000 fe:01 1180481                        /usr/lib/jvm/java-11-openjdk-11.0.10.0.9-4.el8_3.x86_64/lib/jli/libjli.so
400207c000-400227c000 ---p 0000f000 fe:01 1180481                        /usr/lib/jvm/java-11-openjdk-11.0.10.0.9-4.el8_3.x86_64/lib/jli/libjli.so
400227c000-400227d000 r--p 0000f000 fe:01 1180481                        /usr/lib/jvm/java-11-openjdk-11.0.10.0.9-4.el8_3.x86_64/lib/jli/libjli.so
400227d000-400227e000 rw-p 00010000 fe:01 1180481                        /usr/lib/jvm/java-11-openjdk-11.0.10.0.9-4.el8_3.x86_64/lib/jli/libjli.so
400227e000-4002281000 r-xp 00000000 fe:01 787243                         /usr/lib64/libdl-2.28.so
4002281000-4002480000 ---p 00003000 fe:01 787243                         /usr/lib64/libdl-2.28.so
4002480000-4002481000 r--p 00002000 fe:01 787243                         /usr/lib64/libdl-2.28.so
4002481000-4002482000 rw-p 00003000 fe:01 787243                         /usr/lib64/libdl-2.28.so
4002482000-400263b000 r-xp 00000000 fe:01 787132                         /usr/lib64/libc-2.28.so
400263b000-400283b000 ---p 001b9000 fe:01 787132                         /usr/lib64/libc-2.28.so
400283b000-400283f000 r--p 001b9000 fe:01 787132                         /usr/lib64/libc-2.28.so
400283f000-4002841000 rw-p 001bd000 fe:01 787132                         /usr/lib64/libc-2.28.so
4002841000-4002847000 rw-p 00000000 00:00 0 
4002878000-4003a04000 r-xp 00000000 fe:01 1180525                        /usr/lib/jvm/java-11-openjdk-11.0.10.0.9-4.el8_3.x86_64/lib/server/libjvm.so
4003a04000-4003c03000 ---p 0118c000 fe:01 1180525                        /usr/lib/jvm/java-11-openjdk-11.0.10.0.9-4.el8_3.x86_64/lib/server/libjvm.so
4003c03000-4003cc4000 r--p 0118b000 fe:01 1180525                        /usr/lib/jvm/java-11-openjdk-11.0.10.0.9-4.el8_3.x86_64/lib/server/libjvm.so
4003cc4000-4003cff000 rw-p 0124c000 fe:01 1180525                        /usr/lib/jvm/java-11-openjdk-11.0.10.0.9-4.el8_3.x86_64/lib/server/libjvm.so
4003cff000-4003d56000 rw-p 00000000 00:00 0 
4003d59000-4003edf000 r-xp 00000000 fe:01 787160                         /usr/lib64/libstdc++.so.6.0.25
4003edf000-40040de000 ---p 00186000 fe:01 787160                         /usr/lib64/libstdc++.so.6.0.25
40040de000-40040ea000 r--p 00185000 fe:01 787160                         /usr/lib64/libstdc++.so.6.0.25
40040ea000-40040eb000 rw-p 00191000 fe:01 787160                         /usr/lib64/libstdc++.so.6.0.25
40040eb000-40040ee000 rw-p 00000000 00:00 0 
40040ee000-400426f000 r-xp 00000000 fe:01 787287                         /usr/lib64/libm-2.28.so
400426f000-400446e000 ---p 00181000 fe:01 787287                         /usr/lib64/libm-2.28.so
400446e000-400446f000 r--p 00180000 fe:01 787287                         /usr/lib64/libm-2.28.so
400446f000-4004470000 rw-p 00181000 fe:01 787287                         /usr/lib64/libm-2.28.so
4004470000-4004487000 r-xp 00000000 fe:01 787175                         /usr/lib64/libgcc_s-8-20191121.so.1
4004487000-4004686000 ---p 00017000 fe:01 787175                         /usr/lib64/libgcc_s-8-20191121.so.1
4004686000-4004687000 r--p 00016000 fe:01 787175                         /usr/lib64/libgcc_s-8-20191121.so.1
4004687000-4004688000 rw-p 00017000 fe:01 787175                         /usr/lib64/libgcc_s-8-20191121.so.1
4004688000-400468c000 ---p 00000000 00:00 0 
400468c000-4004789000 rw-p 00000000 00:00 0 
400478c000-4004793000 r-xp 00000000 fe:01 787262                         /usr/lib64/librt-2.28.so
4004793000-4004992000 ---p 00007000 fe:01 787262                         /usr/lib64/librt-2.28.so
4004992000-4004993000 r--p 00006000 fe:01 787262                         /usr/lib64/librt-2.28.so
4004993000-4004994000 rw-p 00007000 fe:01 787262                         /usr/lib64/librt-2.28.so
4004994000-40049a2000 r-xp 00000000 fe:01 1180515                        /usr/lib/jvm/java-11-openjdk-11.0.10.0.9-4.el8_3.x86_64/lib/libverify.so
40049a2000-4004ba1000 ---p 0000e000 fe:01 1180515                        /usr/lib/jvm/java-11-openjdk-11.0.10.0.9-4.el8_3.x86_64/lib/libverify.so
4004ba1000-4004ba3000 r--p 0000d000 fe:01 1180515                        /usr/lib/jvm/java-11-openjdk-11.0.10.0.9-4.el8_3.x86_64/lib/libverify.so
4004ba3000-4004ba4000 rw-p 00000000 00:00 0 
4004ba4000-4004bcf000 r-xp 00000000 fe:01 1180496                        /usr/lib/jvm/java-11-openjdk-11.0.10.0.9-4.el8_3.x86_64/lib/libjava.so
4004bcf000-4004dce000 ---p 0002b000 fe:01 1180496                        /usr/lib/jvm/java-11-openjdk-11.0.10.0.9-4.el8_3.x86_64/lib/libjava.so
4004dce000-4004dcf000 r--p 0002a000 fe:01 1180496                        /usr/lib/jvm/java-11-openjdk-11.0.10.0.9-4.el8_3.x86_64/lib/libjava.so
4004dcf000-4004dd0000 rw-p 0002b000 fe:01 1180496                        /usr/lib/jvm/java-11-openjdk-11.0.10.0.9-4.el8_3.x86_64/lib/libjava.so
4004dd0000-4004dd1000 rw-p 00000000 00:00 0 
4004dd1000-4004dd6000 r-xp 00000000 fe:01 1180499                        /usr/lib/jvm/java-11-openjdk-11.0.10.0.9-4.el8_3.x86_64/lib/libjimage.so
4004dd6000-4004fd6000 ---p 00005000 fe:01 1180499                        /usr/lib/jvm/java-11-openjdk-11.0.10.0.9-4.el8_3.x86_64/lib/libjimage.so
4004fd6000-4004fd7000 r--p 00005000 fe:01 1180499                        /usr/lib/jvm/java-11-openjdk-11.0.10.0.9-4.el8_3.x86_64/lib/libjimage.so
4004fd7000-4004fd8000 rw-p 00006000 fe:01 1180499                        /usr/lib/jvm/java-11-openjdk-11.0.10.0.9-4.el8_3.x86_64/lib/libjimage.so
400d73f000-400d740000 ---p 00000000 00:00 0 
400d740000-400d741000 r--p 00000000 00:00 0 
400d747000-400d752000 r-xp 00000000 fe:01 787195                         /usr/lib64/libnss_files-2.28.so
400d752000-400d951000 ---p 0000b000 fe:01 787195                         /usr/lib64/libnss_files-2.28.so
400d951000-400d952000 r--p 0000a000 fe:01 787195                         /usr/lib64/libnss_files-2.28.so
400d952000-400d953000 rw-p 0000b000 fe:01 787195                         /usr/lib64/libnss_files-2.28.so
400d953000-400d959000 rw-p 00000000 00:00 0 
400d959000-400d961000 rw-s 00000000 00:6b 4121464                        /tmp/hsperfdata_jboss/376
400d961000-400d968000 r-xp 00000000 fe:01 1180516                        /usr/lib/jvm/java-11-openjdk-11.0.10.0.9-4.el8_3.x86_64/lib/libzip.so
400d968000-400db68000 ---p 00007000 fe:01 1180516                        /usr/lib/jvm/java-11-openjdk-11.0.10.0.9-4.el8_3.x86_64/lib/libzip.so
400db68000-400db69000 r--p 00007000 fe:01 1180516                        /usr/lib/jvm/java-11-openjdk-11.0.10.0.9-4.el8_3.x86_64/lib/libzip.so
400db69000-400db6a000 rw-p 00000000 00:00 0 
400db6a000-40162d1000 r--s 00000000 fe:01 1180517                        /usr/lib/jvm/java-11-openjdk-11.0.10.0.9-4.el8_3.x86_64/lib/modules
40162d1000-40162d2000 r-xp 00000000 00:00 0 
40162d2000-40162d9000 rwxp 00000000 00:00 0 
40162d9000-40162db000 r-xp 00000000 00:00 0 
40162db000-40162dd000 rwxp 00000000 00:00 0 
40162dd000-40162f3000 r-xp 00000000 00:00 0 
40162f3000-40162f4000 rwxp 00000000 00:00 0 
40162f4000-40162f7000 r-xp 00000000 00:00 0 
40162f7000-40162fa000 rwxp 00000000 00:00 0 
40162fa000-4016300000 r-xp 00000000 00:00 0 
4016300000-4016301000 rwxp 00000000 00:00 0 
4016301000-4016307000 r-xp 00000000 00:00 0 
4016307000-4016308000 rwxp 00000000 00:00 0 
4016308000-401630c000 r-xp 00000000 00:00 0 
401630c000-401630d000 rwxp 00000000 00:00 0 
401630d000-4016310000 r-xp 00000000 00:00 0 
4016310000-4016319000 rwxp 00000000 00:00 0 
4016319000-401631a000 r-xp 00000000 00:00 0 
401631a000-4016321000 rwxp 00000000 00:00 0 
4016321000-4016322000 r-xp 00000000 00:00 0 
4016322000-401632c000 rwxp 00000000 00:00 0 
401632c000-401632d000 r-xp 00000000 00:00 0 
401632d000-40163ba000 rwxp 00000000 00:00 0 
40163ba000-40163bb000 r-xp 00000000 00:00 0 
40163bb000-40163bc000 rwxp 00000000 00:00 0 
40163bc000-40163c4000 r-xp 00000000 00:00 0 
40163c4000-40163c6000 rwxp 00000000 00:00 0 
40163c6000-40163c7000 r-xp 00000000 00:00 0 
40163c7000-40163c8000 rwxp 00000000 00:00 0 
40163c8000-40163c9000 r-xp 00000000 00:00 0 
40163c9000-40163cb000 rwxp 00000000 00:00 0 
40163cb000-40163cf000 r-xp 00000000 00:00 0 
40163cf000-40163d1000 rwxp 00000000 00:00 0 
40163d1000-40163d2000 r-xp 00000000 00:00 0 
40163d2000-4016541000 rwxp 00000000 00:00 0 
4016541000-4016861000 ---p 00000000 00:00 0 
4016861000-4016862000 r-xp 00000000 00:00 0 
4016862000-4016863000 rwxp 00000000 00:00 0 
4016863000-4016869000 r-xp 00000000 00:00 0 
4016869000-401686a000 rwxp 00000000 00:00 0 
401686a000-401686c000 r-xp 00000000 00:00 0 
401686c000-401686d000 rwxp 00000000 00:00 0 
401686d000-401686f000 r-xp 00000000 00:00 0 
401686f000-4016871000 rwxp 00000000 00:00 0 
4016871000-4016874000 r-xp 00000000 00:00 0 
4016874000-4016877000 rwxp 00000000 00:00 0 
4016877000-4016878000 r-xp 00000000 00:00 0 
4016878000-401687a000 rwxp 00000000 00:00 0 
401687a000-401687b000 r-xp 00000000 00:00 0 
401687b000-401687c000 rwxp 00000000 00:00 0 
401687c000-401687e000 r-xp 00000000 00:00 0 
401687e000-401687f000 rwxp 00000000 00:00 0 
401687f000-4016881000 r-xp 00000000 00:00 0 
4016881000-4016884000 rwxp 00000000 00:00 0 
4016884000-401688a000 r-xp 00000000 00:00 0 
401688a000-401688b000 rwxp 00000000 00:00 0 
401688b000-401688e000 r-xp 00000000 00:00 0 
401688e000-401688f000 rwxp 00000000 00:00 0 
401688f000-40168d0000 r-xp 00000000 00:00 0 
40168d0000-40168d1000 rwxp 00000000 00:00 0 
40168d1000-40168d5000 r-xp 00000000 00:00 0 
40168d5000-40168d6000 rwxp 00000000 00:00 0 
40168d6000-40168de000 r-xp 00000000 00:00 0 
40168de000-40168df000 rwxp 00000000 00:00 0 
40168df000-40168e2000 r-xp 00000000 00:00 0 
40168e2000-40168e4000 rwxp 00000000 00:00 0 
40168e4000-40168e7000 r-xp 00000000 00:00 0 
40168e7000-40168e8000 rwxp 00000000 00:00 0 
40168e8000-40168e9000 r-xp 00000000 00:00 0 
40168e9000-40168ea000 rwxp 00000000 00:00 0 
40168ea000-40168ec000 r-xp 00000000 00:00 0 
40168ec000-40168ef000 rwxp 00000000 00:00 0 
40168ef000-40168f5000 r-xp 00000000 00:00 0 
40168f5000-40168f6000 rwxp 00000000 00:00 0 
40168f6000-40168fb000 r-xp 00000000 00:00 0 
40168fb000-40168fc000 rwxp 00000000 00:00 0 
40168fc000-40168fd000 r-xp 00000000 00:00 0 
40168fd000-40168ff000 rwxp 00000000 00:00 0 
40168ff000-4016900000 r-xp 00000000 00:00 0 
4016900000-4016902000 rwxp 00000000 00:00 0 
4016902000-4016903000 r-xp 00000000 00:00 0 
4016903000-4016905000 rwxp 00000000 00:00 0 
4016905000-4016906000 r-xp 00000000 00:00 0 
4016906000-4016907000 rwxp 00000000 00:00 0 
4016907000-401690c000 r-xp 00000000 00:00 0 
401690c000-401690d000 rwxp 00000000 00:00 0 
401690d000-4016917000 r-xp 00000000 00:00 0 
4016917000-4016919000 rwxp 00000000 00:00 0 
4016919000-4016920000 r-xp 00000000 00:00 0 
4016920000-4016921000 rwxp 00000000 00:00 0 
4016921000-4016924000 r-xp 00000000 00:00 0 
4016924000-4016925000 rwxp 00000000 00:00 0 
4016925000-4016939000 r-xp 00000000 00:00 0 
4016939000-401693b000 rwxp 00000000 00:00 0 
401693b000-4016947000 r-xp 00000000 00:00 0 
4016947000-4016948000 rwxp 00000000 00:00 0 
4016948000-4016950000 r-xp 00000000 00:00 0 
4016950000-4016951000 rwxp 00000000 00:00 0 
4016951000-4016955000 r-xp 00000000 00:00 0 
4016955000-4016956000 rwxp 00000000 00:00 0 
4016956000-4016958000 r-xp 00000000 00:00 0 
4016958000-4016959000 rwxp 00000000 00:00 0 
4016959000-4016963000 r-xp 00000000 00:00 0 
4016963000-4016964000 rwxp 00000000 00:00 0 
4016964000-401696f000 r-xp 00000000 00:00 0 
401696f000-4016970000 rwxp 00000000 00:00 0 
4016970000-4016972000 r-xp 00000000 00:00 0 
4016972000-4016975000 rwxp 00000000 00:00 0 
4016975000-4016982000 r-xp 00000000 00:00 0 
4016982000-4016986000 rwxp 00000000 00:00 0 
4016986000-401698a000 r-xp 00000000 00:00 0 
401698a000-401698b000 rwxp 00000000 00:00 0 
401698b000-401698c000 r-xp 00000000 00:00 0 
401698c000-401698d000 rwxp 00000000 00:00 0 
401698d000-4016997000 r-xp 00000000 00:00 0 
4016997000-4016998000 rwxp 00000000 00:00 0 
4016998000-401699a000 r-xp 00000000 00:00 0 
401699a000-401699d000 rwxp 00000000 00:00 0 
401699d000-401699f000 r-xp 00000000 00:00 0 
401699f000-40169a0000 rwxp 00000000 00:00 0 
40169a0000-40169a1000 r-xp 00000000 00:00 0 
40169a1000-40169a7000 rwxp 00000000 00:00 0 
40169a7000-40169b0000 r-xp 00000000 00:00 0 
40169b0000-40169b1000 rwxp 00000000 00:00 0 
40169b1000-40169b2000 r-xp 00000000 00:00 0 
40169b2000-40169b4000 rwxp 00000000 00:00 0 
40169b4000-40169c2000 r-xp 00000000 00:00 0 
40169c2000-40169c3000 rwxp 00000000 00:00 0 
40169c3000-40169c5000 r-xp 00000000 00:00 0 
40169c5000-40169c6000 rwxp 00000000 00:00 0 
40169c6000-40169c7000 r-xp 00000000 00:00 0 
40169c7000-40169ca000 rwxp 00000000 00:00 0 
40169ca000-40169cf000 r-xp 00000000 00:00 0 
40169cf000-40169d0000 rwxp 00000000 00:00 0 
40169d0000-40169d3000 r-xp 00000000 00:00 0 
40169d3000-40169d4000 rwxp 00000000 00:00 0 
40169d4000-40169d6000 r-xp 00000000 00:00 0 
40169d6000-40169d7000 rwxp 00000000 00:00 0 
40169d7000-40169f9000 r-xp 00000000 00:00 0 
40169f9000-40169fa000 rwxp 00000000 00:00 0 
40169fa000-40169ff000 r-xp 00000000 00:00 0 
40169ff000-4016a06000 rwxp 00000000 00:00 0 
4016a06000-4016a09000 r-xp 00000000 00:00 0 
4016a09000-4016a0a000 rwxp 00000000 00:00 0 
4016a0a000-4016a0c000 r-xp 00000000 00:00 0 
4016a0c000-4016a10000 rwxp 00000000 00:00 0 
4016a10000-4016a17000 r-xp 00000000 00:00 0 
4016a17000-4016a18000 rwxp 00000000 00:00 0 
4016a18000-4016a1d000 r-xp 00000000 00:00 0 
4016a1d000-4016ad1000 rwxp 00000000 00:00 0 
4016ad1000-401dd99000 ---p 00000000 00:00 0 
401dd99000-401ddc8000 r-xp 00000000 00:00 0 
401ddc8000-401ddc9000 rwxp 00000000 00:00 0 
401ddc9000-401ddda000 r-xp 00000000 00:00 0 
401ddda000-401e009000 rwxp 00000000 00:00 0 
401e009000-40252d1000 ---p 00000000 00:00 0 
40252d1000-40252d6000 rw-p 00000000 00:00 0 
40252d6000-40252dd000 ---p 00000000 00:00 0 
40252dd000-40252e2000 rw-p 00000000 00:00 0 
40252e2000-40253c8000 ---p 00000000 00:00 0 
40253c8000-40253cd000 rw-p 00000000 00:00 0 
40253cd000-40254b3000 ---p 00000000 00:00 0 
40254b3000-40254b4000 ---p 00000000 00:00 0 
40254b4000-40259d9000 rw-p 00000000 00:00 0 
40259d9000-4025ab8000 ---p 00000000 00:00 0 
4025ab8000-4025ad9000 rw-p 00000000 00:00 0 
4025ad9000-4025bb8000 ---p 00000000 00:00 0 
4025bb8000-4025bd9000 rw-p 00000000 00:00 0 
4025bd9000-4025cb8000 ---p 00000000 00:00 0 
4025cb8000-4025db9000 rw-p 00000000 00:00 0 
4025db9000-40264b1000 ---p 00000000 00:00 0 
40264b1000-40265b9000 rw-p 00000000 00:00 0 
40265b9000-4026cb1000 ---p 00000000 00:00 0 
4026cb1000-4026ccb000 rw-p 00000000 00:00 0 
4026ccb000-4026ccc000 ---p 00000000 00:00 0 
4026ccc000-4026dcd000 rw-p 00000000 00:00 0 
4026dcd000-4026dce000 ---p 00000000 00:00 0 
4026dce000-40292d3000 rw-p 00000000 00:00 0 
40292d3000-40292d4000 ---p 00000000 00:00 0 
40292d4000-40293d5000 rw-p 00000000 00:00 0 
40293d5000-40293d6000 ---p 00000000 00:00 0 
40293d6000-40294d7000 rw-p 00000000 00:00 0 
40c44d7000-40c4ad7000 rw-p 00000000 00:00 0 
40c4ad7000-40c4cd7000 ---p 00000000 00:00 0 
40c4cd7000-40c4db3000 rw-p 00000000 00:00 0 
40c4db3000-40c4db4000 ---p 00000000 00:00 0 
40c4db4000-40c4eb5000 rw-p 00000000 00:00 0 
40c4eb5000-40c4eb9000 ---p 00000000 00:00 0 
40c4eb9000-40c4fb6000 rw-p 00000000 00:00 0 
40c4fb6000-40c4fba000 ---p 00000000 00:00 0 
40c4fba000-40c50b7000 rw-p 00000000 00:00 0 
40c50b7000-40c50b8000 r--p 00000000 fe:01 1180781                        /usr/lib/locale/en_US.utf8/LC_IDENTIFICATION
40c50b8000-40c50bf000 r--s 00000000 fe:01 786869                         /usr/lib64/gconv/gconv-modules.cache
40c50bf000-40c50c0000 r--p 00000000 fe:01 1180782                        /usr/lib/locale/en_US.utf8/LC_MEASUREMENT
40c50c0000-40c50c1000 r--p 00000000 fe:01 1180785                        /usr/lib/locale/en_US.utf8/LC_TELEPHONE
40c50c1000-40c50c2000 r--p 00000000 fe:01 1180780                        /usr/lib/locale/en_US.utf8/LC_ADDRESS
40c50c2000-40c50c3000 r--p 00000000 fe:01 1180545                        /usr/lib/locale/en_US.utf8/LC_NAME
40c50c3000-40c50c4000 r--p 00000000 fe:01 1180603                        /usr/lib/locale/en_US.utf8/LC_PAPER
40c50c4000-40c50c5000 r--p 00000000 fe:01 1180543                        /usr/lib/locale/en_US.utf8/LC_MESSAGES/SYS_LC_MESSAGES
40c50c5000-40c50c6000 r--p 00000000 fe:01 1180784                        /usr/lib/locale/en_US.utf8/LC_MONETARY
40c50c6000-40c533e000 r--p 00000000 fe:01 1180538                        /usr/lib/locale/en_US.utf8/LC_COLLATE
40c533e000-40c533f000 r--p 00000000 fe:01 1180786                        /usr/lib/locale/en_US.utf8/LC_TIME
40c533f000-40c5340000 r--p 00000000 fe:01 1180546                        /usr/lib/locale/en_US.utf8/LC_NUMERIC
40c5340000-40c5393000 r--p 00000000 fe:01 1180539                        /usr/lib/locale/en_US.utf8/LC_CTYPE
40c5393000-40c5397000 ---p 00000000 00:00 0 
40c5397000-40c5494000 rw-p 00000000 00:00 0 
40c5494000-40c5498000 ---p 00000000 00:00 0 
40c5498000-40c5595000 rw-p 00000000 00:00 0 
40c5595000-40c5599000 ---p 00000000 00:00 0 
40c5599000-40c5696000 rw-p 00000000 00:00 0 
40c5696000-40c569a000 ---p 00000000 00:00 0 
40c569a000-40c5797000 rw-p 00000000 00:00 0 
40c5797000-40c579b000 ---p 00000000 00:00 0 
40c579b000-40c5898000 rw-p 00000000 00:00 0 
40c5898000-40c589c000 ---p 00000000 00:00 0 
40c589c000-40c5999000 rw-p 00000000 00:00 0 
40c5999000-40c599a000 ---p 00000000 00:00 0 
40c599a000-40c5a9b000 rw-p 00000000 00:00 0 
40c5a9b000-40c5aac000 r-xp 00000000 fe:01 1180508                        /usr/lib/jvm/java-11-openjdk-11.0.10.0.9-4.el8_3.x86_64/lib/libnio.so
40c5aac000-40c5cab000 ---p 00011000 fe:01 1180508                        /usr/lib/jvm/java-11-openjdk-11.0.10.0.9-4.el8_3.x86_64/lib/libnio.so
40c5cab000-40c5cac000 r--p 00010000 fe:01 1180508                        /usr/lib/jvm/java-11-openjdk-11.0.10.0.9-4.el8_3.x86_64/lib/libnio.so
40c5cac000-40c5cad000 rw-p 00011000 fe:01 1180508                        /usr/lib/jvm/java-11-openjdk-11.0.10.0.9-4.el8_3.x86_64/lib/libnio.so
40c5cad000-40c5cc4000 r-xp 00000000 fe:01 1180507                        /usr/lib/jvm/java-11-openjdk-11.0.10.0.9-4.el8_3.x86_64/lib/libnet.so
40c5cc4000-40c5ec3000 ---p 00017000 fe:01 1180507                        /usr/lib/jvm/java-11-openjdk-11.0.10.0.9-4.el8_3.x86_64/lib/libnet.so
40c5ec3000-40c5ec4000 r--p 00016000 fe:01 1180507                        /usr/lib/jvm/java-11-openjdk-11.0.10.0.9-4.el8_3.x86_64/lib/libnet.so
40c5ec4000-40c5ec5000 rw-p 00017000 fe:01 1180507                        /usr/lib/jvm/java-11-openjdk-11.0.10.0.9-4.el8_3.x86_64/lib/libnet.so
40c5ec5000-40c5ec9000 ---p 00000000 00:00 0 
40c5ec9000-40c5fc6000 rw-p 00000000 00:00 0 
40c617f000-40c627f000 rw-p 00000000 00:00 0 
40c627f000-40c6280000 ---p 00000000 00:00 0 
40c6280000-40c6381000 rw-p 00000000 00:00 0 
ffffaf741000-ffffafb42000 rw-p 00000000 00:00 0 
ffffafd02000-ffffafd03000 ---p 00000000 00:00 0 
ffffafd03000-ffffafd43000 rw-p 00000000 00:00 0 
ffffafd43000-ffffafd44000 ---p 00000000 00:00 0 
ffffafd44000-ffffafd84000 rw-p 00000000 00:00 0 
ffffafd84000-ffffafd85000 ---p 00000000 00:00 0 
ffffafd85000-ffffafdc5000 rw-p 00000000 00:00 0 
ffffafdc5000-ffffafdc6000 ---p 00000000 00:00 0 
ffffafdc6000-ffffafe06000 rw-p 00000000 00:00 0 
ffffafe06000-ffffafe07000 ---p 00000000 00:00 0 
ffffafe07000-ffffafe47000 rw-p 00000000 00:00 0 
ffffafe47000-ffffafe48000 ---p 00000000 00:00 0 
ffffafe48000-ffffafe88000 rw-p 00000000 00:00 0 
ffffafe88000-ffffafe89000 ---p 00000000 00:00 0 
ffffafe89000-ffffafec9000 rw-p 00000000 00:00 0 
ffffafec9000-ffffafeca000 ---p 00000000 00:00 0 
ffffafeca000-ffffaff0a000 rw-p 00000000 00:00 0 
ffffaff48000-ffffaff49000 ---p 00000000 00:00 0 
ffffaff49000-ffffaff89000 rw-p 00000000 00:00 0 
ffffaff89000-ffffaff8a000 ---p 00000000 00:00 0 
ffffaff8a000-ffffaffca000 rw-p 00000000 00:00 0 
ffffaffca000-ffffaffcb000 ---p 00000000 00:00 0 
ffffaffcb000-ffffb000b000 rw-p 00000000 00:00 0 
ffffb000b000-ffffb000c000 ---p 00000000 00:00 0 
ffffb000c000-ffffb004c000 rw-p 00000000 00:00 0 
ffffb004c000-ffffb004d000 ---p 00000000 00:00 0 
ffffb004d000-ffffb008d000 rw-p 00000000 00:00 0 
ffffb008d000-ffffb008e000 ---p 00000000 00:00 0 
ffffb008e000-ffffb00ce000 rw-p 00000000 00:00 0 
ffffb00ce000-ffffb00cf000 ---p 00000000 00:00 0 
ffffb00cf000-ffffb010f000 rw-p 00000000 00:00 0 
ffffb010f000-ffffb0110000 ---p 00000000 00:00 0 
ffffb0110000-ffffb0150000 rw-p 00000000 00:00 0 
ffffb0150000-ffffb0151000 ---p 00000000 00:00 0 
ffffb0151000-ffffb0191000 rw-p 00000000 00:00 0 
ffffb0191000-ffffb8190000 rwxp 00000000 00:00 0 
ffffb8190000-ffffb8191000 ---p 00000000 00:00 0 
ffffb81d1000-ffffb81d2000 ---p 00000000 00:00 0 
ffffb81d2000-ffffb8212000 rw-p 00000000 00:00 0 
ffffb8212000-ffffb8213000 ---p 00000000 00:00 0 
ffffb8213000-ffffb8a13000 rw-p 00000000 00:00 0 
ffffb8a13000-ffffb8a14000 r--p 00000000 00:00 0                          [vvar]
ffffb8a14000-ffffb8a15000 r-xp 00000000 00:00 0                          [vdso]
ffffec339000-ffffec35a000 rw-p 00000000 00:00 0                          [stack]


VM Arguments:
jvm_args: -D[Standalone] -Xms64m -Xmx512m -XX:MetaspaceSize=96M -XX:MaxMetaspaceSize=256m -Djava.net.preferIPv4Stack=true -Djboss.modules.system.pkgs=org.jboss.byteman -Djava.awt.headless=true --add-exports=java.base/sun.nio.ch=ALL-UNNAMED --add-exports=jdk.unsupported/sun.misc=ALL-UNNAMED --add-exports=jdk.unsupported/sun.reflect=ALL-UNNAMED -Dorg.jboss.boot.log.file=/opt/jboss/keycloak/standalone/log/server.log -Dlogging.configuration=file:/opt/jboss/keycloak/standalone/configuration/logging.properties 
java_command: /opt/jboss/keycloak/jboss-modules.jar -mp /opt/jboss/keycloak/modules org.jboss.as.standalone -Djboss.home.dir=/opt/jboss/keycloak -Djboss.server.base.dir=/opt/jboss/keycloak/standalone -Djboss.bind.address=172.17.0.2 -Djboss.bind.address.private=172.17.0.2 -c=standalone-ha.xml -b 0.0.0.0
java_class_path (initial): /opt/jboss/keycloak/jboss-modules.jar
Launcher Type: SUN_STANDARD

[Global flags]
     intx CICompilerCount                          = 3                                         {product} {ergonomic}
   size_t CompressedClassSpaceSize                 = 260046848                                 {product} {ergonomic}
     uint ConcGCThreads                            = 1                                         {product} {ergonomic}
     uint G1ConcRefinementThreads                  = 4                                         {product} {ergonomic}
   size_t G1HeapRegionSize                         = 1048576                                   {product} {ergonomic}
    uintx GCDrainStackTargetSize                   = 64                                        {product} {ergonomic}
   size_t InitialHeapSize                          = 67108864                                  {product} {command line}
   size_t MarkStackSize                            = 4194304                                   {product} {ergonomic}
   size_t MaxHeapSize                              = 536870912                                 {product} {command line}
   size_t MaxMetaspaceSize                         = 268435456                                 {product} {command line}
   size_t MaxNewSize                               = 321912832                                 {product} {ergonomic}
   size_t MetaspaceSize                            = 100663296                              {pd product} {command line}
   size_t MinHeapDeltaBytes                        = 1048576                                   {product} {ergonomic}
    uintx NonNMethodCodeHeapSize                   = 5830732                                {pd product} {ergonomic}
    uintx NonProfiledCodeHeapSize                  = 122913754                              {pd product} {ergonomic}
    uintx ProfiledCodeHeapSize                     = 122913754                              {pd product} {ergonomic}
    uintx ReservedCodeCacheSize                    = 251658240                              {pd product} {ergonomic}
     bool SegmentedCodeCache                       = true                                      {product} {ergonomic}
     bool UseCompressedClassPointers               = true                                 {lp64_product} {ergonomic}
     bool UseCompressedOops                        = true                                 {lp64_product} {ergonomic}
     bool UseG1GC                                  = true                                      {product} {ergonomic}

Logging:
Log output configuration:
 #0: stdout all=warning uptime,level,tags
 #1: stderr all=off uptime,level,tags

Environment Variables:
PATH=/usr/local/sbin:/usr/local/bin:/usr/sbin:/usr/bin:/sbin:/bin
LANG=en_US.UTF-8

Signal Handlers:
SIGSEGV: [libjvm.so+0xebb570], sa_mask[0]=11111111111111111111111111111110, sa_flags=SA_RESTART|SA_SIGINFO
SIGBUS: [libjvm.so+0xebb570], sa_mask[0]=11111111111111111111111111111110, sa_flags=SA_RESTART|SA_SIGINFO
SIGFPE: [libjvm.so+0xebb570], sa_mask[0]=11111111111111111111111111111110, sa_flags=SA_RESTART|SA_SIGINFO
SIGPIPE: [libjvm.so+0xbfd220], sa_mask[0]=11111111111111111111111111111110, sa_flags=SA_RESTART|SA_SIGINFO
SIGXFSZ: [libjvm.so+0xbfd220], sa_mask[0]=11111111111111111111111111111110, sa_flags=SA_RESTART|SA_SIGINFO
SIGILL: [libjvm.so+0xebb570], sa_mask[0]=11111111111111111111111111111110, sa_flags=SA_RESTART|SA_SIGINFO
SIGUSR2: [libjvm.so+0xbfd090], sa_mask[0]=00000000000000000000000000000000, sa_flags=SA_RESTART|SA_SIGINFO
SIGHUP: [libjvm.so+0xbfd580], sa_mask[0]=11111111111111111111111111111110, sa_flags=SA_RESTART|SA_SIGINFO
SIGINT: SIG_IGN, sa_mask[0]=00000000000000000000000000000000, sa_flags=none
SIGTERM: [libjvm.so+0xbfd580], sa_mask[0]=11111111111111111111111111111110, sa_flags=SA_RESTART|SA_SIGINFO
SIGQUIT: [libjvm.so+0xbfd580], sa_mask[0]=11111111111111111111111111111110, sa_flags=SA_RESTART|SA_SIGINFO


---------------  S Y S T E M  ---------------

OS:Red Hat Enterprise Linux release 8.3 (Ootpa)
uname:Linux 4.19.121-linuxkit #1 SMP PREEMPT Thu Jan 21 15:45:22 UTC 2021 x86_64
OS uptime: 0 days 13:35 hours
libc:glibc 2.28 NPTL 2.28 
rlimit (soft/hard): STACK 8192k/infinity , CORE 0k/infinity , NPROC infinity/infinity , NOFILE 1048576/1048576 , AS infinity/infinity , CPU infinity/infinity , DATA infinity/infinity , FSIZE infinity/infinity , MEMLOCK 64k/64k
load average:1.15 1.21 0.77

/proc/meminfo:
MemTotal:        2028608 kB
MemFree:          153536 kB
MemAvailable:    1014964 kB
Buffers:           50072 kB
Cached:          1150624 kB
SwapCached:          524 kB
Active:           721112 kB
Inactive:         998948 kB
Active(anon):     436276 kB
Inactive(anon):   416396 kB
Active(file):     284836 kB
Inactive(file):   582552 kB
Unevictable:           0 kB
Mlocked:               0 kB
SwapTotal:       1048572 kB
SwapFree:        1027700 kB
Dirty:               204 kB
Writeback:             0 kB
AnonPages:        517704 kB
Mapped:           189768 kB
Shmem:            359796 kB
Slab:             127628 kB
SReclaimable:      83876 kB
SUnreclaim:        43752 kB
KernelStack:        7360 kB
PageTables:         3468 kB
NFS_Unstable:          0 kB
Bounce:                0 kB
WritebackTmp:          0 kB
CommitLimit:     2062876 kB
Committed_AS:    4579616 kB
VmallocTotal:   135290290112 kB
VmallocUsed:           0 kB
VmallocChunk:          0 kB
Percpu:             4176 kB
AnonHugePages:     90112 kB
ShmemHugePages:        0 kB
ShmemPmdMapped:        0 kB
HugePages_Total:       0
HugePages_Free:        0
HugePages_Rsvd:        0
HugePages_Surp:        0
Hugepagesize:       2048 kB
Hugetlb:               0 kB

/sys/kernel/mm/transparent_hugepage/enabled:
always [madvise] never
/sys/kernel/mm/transparent_hugepage/defrag (defrag/compaction efforts parameter):
always defer defer+madvise [madvise] never

/proc/sys/kernel/threads-max (system-wide limit on the number of threads):
14861
/proc/sys/vm/max_map_count (maximum number of memory map areas a process may have):
262144
/proc/sys/kernel/pid_max (system-wide limit on number of process identifiers):
99999

container (cgroup) information:
container_type: cgroupv1
cpu_cpuset_cpus: 0-3
cpu_memory_nodes: 0
active_processor_count: 4
cpu_quota: -1
cpu_period: 100000
cpu_shares: -1
memory_limit_in_bytes: -1
memory_and_swap_limit_in_bytes: -1
memory_soft_limit_in_bytes: -1
memory_usage_in_bytes: 188887040
memory_max_usage_in_bytes: 322453504

Steal ticks since vm start: 0
Steal ticks percentage since vm start:  0.000

CPU:total 4 (initial active 4) (1 cores per cpu, 1 threads per core) family 6 model 6 stepping 3 microcode 0x0, cmov, cx8, fxsr, mmx, sse, sse2, sse3, tsc

/proc/cpuinfo:
processor	: 0
BogoMIPS	: 48.00
Features	: fp asimd evtstrm aes pmull sha1 sha2 crc32 atomics fphp asimdhp cpuid asimdrdm jscvt fcma lrcpc dcpop sha3 asimddp sha512 asimdfhm dit uscat ilrcpc flagm ssbs
CPU implementer	: 0x00
CPU architecture: 8
CPU variant	: 0x0
CPU part	: 0x000
CPU revision	: 0

processor	: 1
BogoMIPS	: 48.00
Features	: fp asimd evtstrm aes pmull sha1 sha2 crc32 atomics fphp asimdhp cpuid asimdrdm jscvt fcma lrcpc dcpop sha3 asimddp sha512 asimdfhm dit uscat ilrcpc flagm ssbs
CPU implementer	: 0x00
CPU architecture: 8
CPU variant	: 0x0
CPU part	: 0x000
CPU revision	: 0

processor	: 2
BogoMIPS	: 48.00
Features	: fp asimd evtstrm aes pmull sha1 sha2 crc32 atomics fphp asimdhp cpuid asimdrdm jscvt fcma lrcpc dcpop sha3 asimddp sha512 asimdfhm dit uscat ilrcpc flagm ssbs
CPU implementer	: 0x00
CPU architecture: 8
CPU variant	: 0x0
CPU part	: 0x000
CPU revision	: 0

processor	: 3
BogoMIPS	: 48.00
Features	: fp asimd evtstrm aes pmull sha1 sha2 crc32 atomics fphp asimdhp cpuid asimdrdm jscvt fcma lrcpc dcpop sha3 asimddp sha512 asimdfhm dit uscat ilrcpc flagm ssbs
CPU implementer	: 0x00
CPU architecture: 8
CPU variant	: 0x0
CPU part	: 0x000
CPU revision	: 0

Online cpus:
0-3
Offline cpus:

BIOS frequency limitation:
<Not Available>
Frequency switch latency (ns):
<Not Available>
Available cpu frequencies:
<Not Available>
Current governor:
<Not Available>
Core performance/turbo boost:
<Not Available>

Memory: 4k page, physical 2028608k(153000k free), swap 1048572k(1027700k free)

vm_info: OpenJDK 64-Bit Server VM (11.0.10+9-LTS) for linux-amd64 JRE (11.0.10+9-LTS), built on Jan 18 2021 00:04:32 by "mockbuild" with gcc 8.3.1 20191121 (Red Hat 8.3.1-5)

END.
